<?xml version="1.0" encoding="UTF-8"?>
<testng-results skipped="0" failed="5" total="17" passed="12">
  <reporter-output>
  </reporter-output>
  <suite name="Command line suite" duration-ms="15198" started-at="2018-06-02T22:48:18Z" finished-at="2018-06-02T22:48:33Z">
    <groups>
      <group name="visacheckout">
        <method signature="TestGetPaymentData.testGetPaymentInfo()[pri:0, instance:com.visa.vdp.visacheckout.TestGetPaymentData@17f6480]" name="testGetPaymentInfo" class="com.visa.vdp.visacheckout.TestGetPaymentData"/>
        <method signature="TestUpdatePaymentInformation.testUpdatePaymentInfo()[pri:0, instance:com.visa.vdp.visacheckout.TestUpdatePaymentInformation@6fadae5d]" name="testUpdatePaymentInfo" class="com.visa.vdp.visacheckout.TestUpdatePaymentInformation"/>
      </group> <!-- visacheckout -->
      <group name="pav">
        <method signature="TestPaymentAccountValidation.testCardValidation()[pri:0, instance:com.visa.vdp.pymntacntvalidation.TestPaymentAccountValidation@2812cbfa]" name="testCardValidation" class="com.visa.vdp.pymntacntvalidation.TestPaymentAccountValidation"/>
      </group> <!-- pav -->
      <group name="mlc">
        <method signature="TestCardholderEnrollment.testCardEnrollment()[pri:0, instance:com.visa.vdp.mlc.TestCardholderEnrollment@3796751b]" name="testCardEnrollment" class="com.visa.vdp.mlc.TestCardholderEnrollment"/>
        <method signature="TestLocationUpdate.testlocations()[pri:0, instance:com.visa.vdp.mlc.TestLocationUpdate@67b64c45]" name="testlocations" class="com.visa.vdp.mlc.TestLocationUpdate"/>
      </group> <!-- mlc -->
      <group name="visadirect">
        <method signature="TestFundsTransfer.testPushFundsTransactions()[pri:0, instance:com.visa.vdp.visadirect.TestFundsTransfer@2acf57e3]" name="testPushFundsTransactions" class="com.visa.vdp.visadirect.TestFundsTransfer"/>
        <method signature="TestMVisa.testMVisaTransactions()[pri:0, instance:com.visa.vdp.visadirect.TestMVisa@506e6d5e]" name="testMVisaTransactions" class="com.visa.vdp.visadirect.TestMVisa"/>
        <method signature="TestWatchListScreening.testWatchListInquiry()[pri:0, instance:com.visa.vdp.visadirect.TestWatchListScreening@96532d6]" name="testWatchListInquiry" class="com.visa.vdp.visadirect.TestWatchListScreening"/>
      </group> <!-- visadirect -->
      <group name="vctc">
        <method signature="TestConsumerRules.testRegisterACard()[pri:0, instance:com.visa.vdp.vctc.TestConsumerRules@71be98f5]" name="testRegisterACard" class="com.visa.vdp.vctc.TestConsumerRules"/>
        <method signature="TestProgramAdministration.setUp()[pri:0, instance:com.visa.vdp.vctc.TestProgramAdministration@4411d970]" name="setUp" class="com.visa.vdp.vctc.TestProgramAdministration"/>
        <method signature="TestProgramAdministration.testRetreiveTransactionTypeControls()[pri:0, instance:com.visa.vdp.vctc.TestProgramAdministration@4411d970]" name="testRetreiveTransactionTypeControls" class="com.visa.vdp.vctc.TestProgramAdministration"/>
        <method signature="TestValidation.setUp()[pri:0, instance:com.visa.vdp.vctc.TestValidation@6442b0a6]" name="setUp" class="com.visa.vdp.vctc.TestValidation"/>
        <method signature="TestValidation.testRetreiveListofDecisionRecords()[pri:0, instance:com.visa.vdp.vctc.TestValidation@6442b0a6]" name="testRetreiveListofDecisionRecords" class="com.visa.vdp.vctc.TestValidation"/>
      </group> <!-- vctc -->
      <group name="foreignExchange">
        <method signature="TestForeignExchangeRates.testForeignExchangeRates()[pri:0, instance:com.visa.vdp.foreignexchange.TestForeignExchangeRates@59a6e353]" name="testForeignExchangeRates" class="com.visa.vdp.foreignexchange.TestForeignExchangeRates"/>
      </group> <!-- foreignExchange -->
      <group name="atmlocator">
        <method signature="TestLocateATM.testLocateATM()[pri:0, instance:com.visa.vdp.atmlocator.TestLocateATM@2d6e8792]" name="testLocateATM" class="com.visa.vdp.atmlocator.TestLocateATM"/>
      </group> <!-- atmlocator -->
      <group name="merchantlocator">
        <method signature="TestMerchantLocatorAPI.testMerchantLocatorAPI()[pri:0, instance:com.visa.vdp.merchantlocator.TestMerchantLocatorAPI@7a0ac6e3]" name="testMerchantLocatorAPI" class="com.visa.vdp.merchantlocator.TestMerchantLocatorAPI"/>
      </group> <!-- merchantlocator -->
      <group name="merchantsearch">
        <method signature="TestMerchantSearchAPI.testMerchantSearch()[pri:0, instance:com.visa.vdp.merchantsearch.TestMerchantSearchAPI@3d24753a]" name="testMerchantSearch" class="com.visa.vdp.merchantsearch.TestMerchantSearchAPI"/>
      </group> <!-- merchantsearch -->
    </groups>
    <test name="Command line test" duration-ms="15198" started-at="2018-06-02T22:48:18Z" finished-at="2018-06-02T22:48:33Z">
      <class name="com.visa.vdp.pymntacntvalidation.TestPaymentAccountValidation">
        <test-method status="PASS" signature="testCardValidation()[pri:0, instance:com.visa.vdp.pymntacntvalidation.TestPaymentAccountValidation@2812cbfa]" name="testCardValidation" duration-ms="290" started-at="2018-06-02T23:48:31Z" finished-at="2018-06-02T23:48:32Z">
          <reporter-output>
          </reporter-output>
        </test-method> <!-- testCardValidation -->
      </class> <!-- com.visa.vdp.pymntacntvalidation.TestPaymentAccountValidation -->
      <class name="com.visa.vdp.vctc.TestConsumerRules">
        <test-method status="FAIL" signature="testRegisterACard()[pri:0, instance:com.visa.vdp.vctc.TestConsumerRules@71be98f5]" name="testRegisterACard" duration-ms="170" started-at="2018-06-02T23:48:19Z" finished-at="2018-06-02T23:48:20Z">
          <exception class="java.lang.AssertionError">
            <message>
              <![CDATA[expected [true] but found [false]]]>
            </message>
            <full-stacktrace>
              <![CDATA[java.lang.AssertionError: expected [true] but found [false]
	at org.testng.Assert.fail(Assert.java:94)
	at org.testng.Assert.failNotEquals(Assert.java:513)
	at org.testng.Assert.assertTrue(Assert.java:42)
	at org.testng.Assert.assertTrue(Assert.java:52)
	at com.visa.vdp.vctc.TestConsumerRules.testRegisterACard(TestConsumerRules.java:37)
	at sun.reflect.NativeMethodAccessorImpl.invoke0(Native Method)
	at sun.reflect.NativeMethodAccessorImpl.invoke(NativeMethodAccessorImpl.java:62)
	at sun.reflect.DelegatingMethodAccessorImpl.invoke(DelegatingMethodAccessorImpl.java:43)
	at java.lang.reflect.Method.invoke(Method.java:498)
	at org.testng.internal.MethodInvocationHelper.invokeMethod(MethodInvocationHelper.java:86)
	at org.testng.internal.Invoker.invokeMethod(Invoker.java:643)
	at org.testng.internal.Invoker.invokeTestMethod(Invoker.java:820)
	at org.testng.internal.Invoker.invokeTestMethods(Invoker.java:1128)
	at org.testng.internal.TestMethodWorker.invokeTestMethods(TestMethodWorker.java:129)
	at org.testng.internal.TestMethodWorker.run(TestMethodWorker.java:112)
	at org.testng.TestRunner.privateRun(TestRunner.java:782)
	at org.testng.TestRunner.run(TestRunner.java:632)
	at org.testng.SuiteRunner.runTest(SuiteRunner.java:366)
	at org.testng.SuiteRunner.runSequentially(SuiteRunner.java:361)
	at org.testng.SuiteRunner.privateRun(SuiteRunner.java:319)
	at org.testng.SuiteRunner.run(SuiteRunner.java:268)
	at org.testng.SuiteRunnerWorker.runSuite(SuiteRunnerWorker.java:52)
	at org.testng.SuiteRunnerWorker.run(SuiteRunnerWorker.java:86)
	at org.testng.TestNG.runSuitesSequentially(TestNG.java:1244)
	at org.testng.TestNG.runSuitesLocally(TestNG.java:1169)
	at org.testng.TestNG.run(TestNG.java:1064)
	at org.apache.maven.surefire.testng.TestNGExecutor.run(TestNGExecutor.java:77)
	at org.apache.maven.surefire.testng.TestNGDirectoryTestSuite.executeMulti(TestNGDirectoryTestSuite.java:159)
	at org.apache.maven.surefire.testng.TestNGDirectoryTestSuite.execute(TestNGDirectoryTestSuite.java:99)
	at org.apache.maven.surefire.testng.TestNGProvider.invoke(TestNGProvider.java:106)
	at sun.reflect.NativeMethodAccessorImpl.invoke0(Native Method)
	at sun.reflect.NativeMethodAccessorImpl.invoke(NativeMethodAccessorImpl.java:62)
	at sun.reflect.DelegatingMethodAccessorImpl.invoke(DelegatingMethodAccessorImpl.java:43)
	at java.lang.reflect.Method.invoke(Method.java:498)
	at org.apache.maven.surefire.util.ReflectionUtils.invokeMethodWithArray(ReflectionUtils.java:189)
	at org.apache.maven.surefire.booter.ProviderFactory$ProviderProxy.invoke(ProviderFactory.java:165)
	at org.apache.maven.surefire.booter.ProviderFactory.invokeProvider(ProviderFactory.java:85)
	at org.apache.maven.surefire.booter.ForkedBooter.runSuitesInProcess(ForkedBooter.java:115)
	at org.apache.maven.surefire.booter.ForkedBooter.main(ForkedBooter.java:75)
]]>
            </full-stacktrace>
          </exception> <!-- java.lang.AssertionError -->
          <reporter-output>
          </reporter-output>
        </test-method> <!-- testRegisterACard -->
      </class> <!-- com.visa.vdp.vctc.TestConsumerRules -->
      <class name="com.visa.vdp.mlc.TestCardholderEnrollment">
        <test-method status="PASS" signature="setup()[pri:0, instance:com.visa.vdp.mlc.TestCardholderEnrollment@3796751b]" name="setup" is-config="true" duration-ms="110" started-at="2018-06-02T23:48:18Z" finished-at="2018-06-02T23:48:18Z">
          <reporter-output>
          </reporter-output>
        </test-method> <!-- setup -->
        <test-method status="PASS" signature="setup()[pri:0, instance:com.visa.vdp.vctc.TestConsumerRules@71be98f5]" name="setup" is-config="true" duration-ms="1" started-at="2018-06-02T23:48:18Z" finished-at="2018-06-02T23:48:18Z">
          <reporter-output>
          </reporter-output>
        </test-method> <!-- setup -->
        <test-method status="PASS" signature="setup()[pri:0, instance:com.visa.vdp.foreignexchange.TestForeignExchangeRates@59a6e353]" name="setup" is-config="true" duration-ms="0" started-at="2018-06-02T23:48:18Z" finished-at="2018-06-02T23:48:18Z">
          <reporter-output>
          </reporter-output>
        </test-method> <!-- setup -->
        <test-method status="PASS" signature="setup()[pri:0, instance:com.visa.vdp.visadirect.TestFundsTransfer@2acf57e3]" name="setup" is-config="true" duration-ms="1" started-at="2018-06-02T23:48:18Z" finished-at="2018-06-02T23:48:18Z">
          <reporter-output>
          </reporter-output>
        </test-method> <!-- setup -->
        <test-method status="PASS" signature="setup()[pri:0, instance:com.visa.vdp.visacheckout.TestGetPaymentData@17f6480]" name="setup" is-config="true" duration-ms="0" started-at="2018-06-02T23:48:18Z" finished-at="2018-06-02T23:48:18Z">
          <reporter-output>
          </reporter-output>
        </test-method> <!-- setup -->
        <test-method status="PASS" signature="setup()[pri:0, instance:com.visa.vdp.atmlocator.TestLocateATM@2d6e8792]" name="setup" is-config="true" duration-ms="1" started-at="2018-06-02T23:48:18Z" finished-at="2018-06-02T23:48:18Z">
          <reporter-output>
          </reporter-output>
        </test-method> <!-- setup -->
        <test-method status="PASS" signature="setup()[pri:0, instance:com.visa.vdp.mlc.TestLocationUpdate@67b64c45]" name="setup" is-config="true" duration-ms="0" started-at="2018-06-02T23:48:18Z" finished-at="2018-06-02T23:48:18Z">
          <reporter-output>
          </reporter-output>
        </test-method> <!-- setup -->
        <test-method status="PASS" signature="setup()[pri:0, instance:com.visa.vdp.visadirect.TestMVisa@506e6d5e]" name="setup" is-config="true" duration-ms="1" started-at="2018-06-02T23:48:18Z" finished-at="2018-06-02T23:48:18Z">
          <reporter-output>
          </reporter-output>
        </test-method> <!-- setup -->
        <test-method status="PASS" signature="setup()[pri:0, instance:com.visa.vdp.visadirect.TestWatchListScreening@96532d6]" name="setup" is-config="true" duration-ms="1" started-at="2018-06-02T23:48:18Z" finished-at="2018-06-02T23:48:18Z">
          <reporter-output>
          </reporter-output>
        </test-method> <!-- setup -->
        <test-method status="PASS" signature="setup()[pri:0, instance:com.visa.vdp.visacheckout.TestUpdatePaymentInformation@6fadae5d]" name="setup" is-config="true" duration-ms="0" started-at="2018-06-02T23:48:18Z" finished-at="2018-06-02T23:48:18Z">
          <reporter-output>
          </reporter-output>
        </test-method> <!-- setup -->
        <test-method status="PASS" signature="setup()[pri:0, instance:com.visa.vdp.merchantsearch.TestMerchantSearchAPI@3d24753a]" name="setup" is-config="true" duration-ms="0" started-at="2018-06-02T23:48:18Z" finished-at="2018-06-02T23:48:18Z">
          <reporter-output>
          </reporter-output>
        </test-method> <!-- setup -->
        <test-method status="PASS" signature="setup()[pri:0, instance:com.visa.vdp.merchantlocator.TestMerchantLocatorAPI@7a0ac6e3]" name="setup" is-config="true" duration-ms="0" started-at="2018-06-02T23:48:18Z" finished-at="2018-06-02T23:48:18Z">
          <reporter-output>
          </reporter-output>
        </test-method> <!-- setup -->
        <test-method status="PASS" signature="setup()[pri:0, instance:com.visa.vdp.pymntacntvalidation.TestPaymentAccountValidation@2812cbfa]" name="setup" is-config="true" duration-ms="0" started-at="2018-06-02T23:48:18Z" finished-at="2018-06-02T23:48:18Z">
          <reporter-output>
          </reporter-output>
        </test-method> <!-- setup -->
        <test-method status="PASS" signature="testCardEnrollment()[pri:0, instance:com.visa.vdp.mlc.TestCardholderEnrollment@3796751b]" name="testCardEnrollment" duration-ms="1575" started-at="2018-06-02T23:48:18Z" finished-at="2018-06-02T23:48:19Z">
          <reporter-output>
          </reporter-output>
        </test-method> <!-- testCardEnrollment -->
      </class> <!-- com.visa.vdp.mlc.TestCardholderEnrollment -->
      <class name="com.visa.vdp.visacheckout.TestUpdatePaymentInformation">
        <test-method status="FAIL" signature="testUpdatePaymentInfo()[pri:0, instance:com.visa.vdp.visacheckout.TestUpdatePaymentInformation@6fadae5d]" name="testUpdatePaymentInfo" duration-ms="2" started-at="2018-06-02T23:48:32Z" finished-at="2018-06-02T23:48:32Z">
          <exception class="java.lang.IllegalArgumentException">
            <message>
              <![CDATA[Illegal character in path at index 62: https://sandbox.api.visa.com/wallet-services-web/payment/info/{put your visa checkout callId here}?apikey=VCBDF5CL8GHLN275YXLX21KZXeaM3OyFf8_YEKJEvIne6ZVBo]]>
            </message>
            <full-stacktrace>
              <![CDATA[java.lang.IllegalArgumentException: Illegal character in path at index 62: https://sandbox.api.visa.com/wallet-services-web/payment/info/{put your visa checkout callId here}?apikey=VCBDF5CL8GHLN275YXLX21KZXeaM3OyFf8_YEKJEvIne6ZVBo
	at java.net.URI.create(URI.java:852)
	at org.apache.http.client.methods.HttpPut.<init>(HttpPut.java:68)
	at com.visa.vdp.utils.VisaAPIClient.createHttpRequest(VisaAPIClient.java:88)
	at com.visa.vdp.utils.VisaAPIClient.doXPayTokenRequest(VisaAPIClient.java:135)
	at com.visa.vdp.visacheckout.TestUpdatePaymentInformation.testUpdatePaymentInfo(TestUpdatePaymentInformation.java:51)
	at sun.reflect.NativeMethodAccessorImpl.invoke0(Native Method)
	at sun.reflect.NativeMethodAccessorImpl.invoke(NativeMethodAccessorImpl.java:62)
	at sun.reflect.DelegatingMethodAccessorImpl.invoke(DelegatingMethodAccessorImpl.java:43)
	at java.lang.reflect.Method.invoke(Method.java:498)
	at org.testng.internal.MethodInvocationHelper.invokeMethod(MethodInvocationHelper.java:86)
	at org.testng.internal.Invoker.invokeMethod(Invoker.java:643)
	at org.testng.internal.Invoker.invokeTestMethod(Invoker.java:820)
	at org.testng.internal.Invoker.invokeTestMethods(Invoker.java:1128)
	at org.testng.internal.TestMethodWorker.invokeTestMethods(TestMethodWorker.java:129)
	at org.testng.internal.TestMethodWorker.run(TestMethodWorker.java:112)
	at org.testng.TestRunner.privateRun(TestRunner.java:782)
	at org.testng.TestRunner.run(TestRunner.java:632)
	at org.testng.SuiteRunner.runTest(SuiteRunner.java:366)
	at org.testng.SuiteRunner.runSequentially(SuiteRunner.java:361)
	at org.testng.SuiteRunner.privateRun(SuiteRunner.java:319)
	at org.testng.SuiteRunner.run(SuiteRunner.java:268)
	at org.testng.SuiteRunnerWorker.runSuite(SuiteRunnerWorker.java:52)
	at org.testng.SuiteRunnerWorker.run(SuiteRunnerWorker.java:86)
	at org.testng.TestNG.runSuitesSequentially(TestNG.java:1244)
	at org.testng.TestNG.runSuitesLocally(TestNG.java:1169)
	at org.testng.TestNG.run(TestNG.java:1064)
	at org.apache.maven.surefire.testng.TestNGExecutor.run(TestNGExecutor.java:77)
	at org.apache.maven.surefire.testng.TestNGDirectoryTestSuite.executeMulti(TestNGDirectoryTestSuite.java:159)
	at org.apache.maven.surefire.testng.TestNGDirectoryTestSuite.execute(TestNGDirectoryTestSuite.java:99)
	at org.apache.maven.surefire.testng.TestNGProvider.invoke(TestNGProvider.java:106)
	at sun.reflect.NativeMethodAccessorImpl.invoke0(Native Method)
	at sun.reflect.NativeMethodAccessorImpl.invoke(NativeMethodAccessorImpl.java:62)
	at sun.reflect.DelegatingMethodAccessorImpl.invoke(DelegatingMethodAccessorImpl.java:43)
	at java.lang.reflect.Method.invoke(Method.java:498)
	at org.apache.maven.surefire.util.ReflectionUtils.invokeMethodWithArray(ReflectionUtils.java:189)
	at org.apache.maven.surefire.booter.ProviderFactory$ProviderProxy.invoke(ProviderFactory.java:165)
	at org.apache.maven.surefire.booter.ProviderFactory.invokeProvider(ProviderFactory.java:85)
	at org.apache.maven.surefire.booter.ForkedBooter.runSuitesInProcess(ForkedBooter.java:115)
	at org.apache.maven.surefire.booter.ForkedBooter.main(ForkedBooter.java:75)
Caused by: java.net.URISyntaxException: Illegal character in path at index 62: https://sandbox.api.visa.com/wallet-services-web/payment/info/{put your visa checkout callId here}?apikey=VCBDF5CL8GHLN275YXLX21KZXeaM3OyFf8_YEKJEvIne6ZVBo
	at java.net.URI$Parser.fail(URI.java:2848)
	at java.net.URI$Parser.checkChars(URI.java:3021)
	at java.net.URI$Parser.parseHierarchical(URI.java:3105)
	at java.net.URI$Parser.parse(URI.java:3053)
	at java.net.URI.<init>(URI.java:588)
	at java.net.URI.create(URI.java:850)
	... 38 more
]]>
            </full-stacktrace>
          </exception> <!-- java.lang.IllegalArgumentException -->
          <reporter-output>
          </reporter-output>
        </test-method> <!-- testUpdatePaymentInfo -->
      </class> <!-- com.visa.vdp.visacheckout.TestUpdatePaymentInformation -->
      <class name="com.visa.vdp.merchantsearch.TestMerchantSearchAPI">
        <test-method status="PASS" signature="testMerchantSearch()[pri:0, instance:com.visa.vdp.merchantsearch.TestMerchantSearchAPI@3d24753a]" name="testMerchantSearch" duration-ms="5835" started-at="2018-06-02T23:48:26Z" finished-at="2018-06-02T23:48:31Z">
          <reporter-output>
          </reporter-output>
        </test-method> <!-- testMerchantSearch -->
      </class> <!-- com.visa.vdp.merchantsearch.TestMerchantSearchAPI -->
      <class name="com.visa.vdp.atmlocator.TestLocateATM">
        <test-method status="PASS" signature="testLocateATM()[pri:0, instance:com.visa.vdp.atmlocator.TestLocateATM@2d6e8792]" name="testLocateATM" duration-ms="2335" started-at="2018-06-02T23:48:21Z" finished-at="2018-06-02T23:48:23Z">
          <reporter-output>
          </reporter-output>
        </test-method> <!-- testLocateATM -->
      </class> <!-- com.visa.vdp.atmlocator.TestLocateATM -->
      <class name="com.visa.vdp.foreignexchange.TestForeignExchangeRates">
        <test-method status="PASS" signature="testForeignExchangeRates()[pri:0, instance:com.visa.vdp.foreignexchange.TestForeignExchangeRates@59a6e353]" name="testForeignExchangeRates" duration-ms="730" started-at="2018-06-02T23:48:20Z" finished-at="2018-06-02T23:48:20Z">
          <reporter-output>
          </reporter-output>
        </test-method> <!-- testForeignExchangeRates -->
      </class> <!-- com.visa.vdp.foreignexchange.TestForeignExchangeRates -->
      <class name="com.visa.vdp.vctc.TestValidation">
        <test-method status="PASS" signature="testRetreiveListofDecisionRecords()[pri:0, instance:com.visa.vdp.vctc.TestValidation@6442b0a6]" name="testRetreiveListofDecisionRecords" duration-ms="707" started-at="2018-06-02T23:48:32Z" finished-at="2018-06-02T23:48:33Z">
          <reporter-output>
          </reporter-output>
        </test-method> <!-- testRetreiveListofDecisionRecords -->
        <test-method status="PASS" signature="setUp()[pri:0, instance:com.visa.vdp.vctc.TestValidation@6442b0a6]" name="setUp" duration-ms="0" started-at="2018-06-02T23:48:32Z" finished-at="2018-06-02T23:48:32Z">
          <reporter-output>
          </reporter-output>
        </test-method> <!-- setUp -->
      </class> <!-- com.visa.vdp.vctc.TestValidation -->
      <class name="com.visa.vdp.visadirect.TestFundsTransfer">
        <test-method status="FAIL" signature="testPushFundsTransactions()[pri:0, instance:com.visa.vdp.visadirect.TestFundsTransfer@2acf57e3]" name="testPushFundsTransactions" duration-ms="264" started-at="2018-06-02T23:48:20Z" finished-at="2018-06-02T23:48:21Z">
          <exception class="java.lang.AssertionError">
            <message>
              <![CDATA[expected [200] but found [400]]]>
            </message>
            <full-stacktrace>
              <![CDATA[java.lang.AssertionError: expected [200] but found [400]
	at org.testng.Assert.fail(Assert.java:94)
	at org.testng.Assert.failNotEquals(Assert.java:513)
	at org.testng.Assert.assertEqualsImpl(Assert.java:135)
	at org.testng.Assert.assertEquals(Assert.java:116)
	at org.testng.Assert.assertEquals(Assert.java:389)
	at org.testng.Assert.assertEquals(Assert.java:399)
	at com.visa.vdp.visadirect.TestFundsTransfer.testPushFundsTransactions(TestFundsTransfer.java:68)
	at sun.reflect.NativeMethodAccessorImpl.invoke0(Native Method)
	at sun.reflect.NativeMethodAccessorImpl.invoke(NativeMethodAccessorImpl.java:62)
	at sun.reflect.DelegatingMethodAccessorImpl.invoke(DelegatingMethodAccessorImpl.java:43)
	at java.lang.reflect.Method.invoke(Method.java:498)
	at org.testng.internal.MethodInvocationHelper.invokeMethod(MethodInvocationHelper.java:86)
	at org.testng.internal.Invoker.invokeMethod(Invoker.java:643)
	at org.testng.internal.Invoker.invokeTestMethod(Invoker.java:820)
	at org.testng.internal.Invoker.invokeTestMethods(Invoker.java:1128)
	at org.testng.internal.TestMethodWorker.invokeTestMethods(TestMethodWorker.java:129)
	at org.testng.internal.TestMethodWorker.run(TestMethodWorker.java:112)
	at org.testng.TestRunner.privateRun(TestRunner.java:782)
	at org.testng.TestRunner.run(TestRunner.java:632)
	at org.testng.SuiteRunner.runTest(SuiteRunner.java:366)
	at org.testng.SuiteRunner.runSequentially(SuiteRunner.java:361)
	at org.testng.SuiteRunner.privateRun(SuiteRunner.java:319)
	at org.testng.SuiteRunner.run(SuiteRunner.java:268)
	at org.testng.SuiteRunnerWorker.runSuite(SuiteRunnerWorker.java:52)
	at org.testng.SuiteRunnerWorker.run(SuiteRunnerWorker.java:86)
	at org.testng.TestNG.runSuitesSequentially(TestNG.java:1244)
	at org.testng.TestNG.runSuitesLocally(TestNG.java:1169)
	at org.testng.TestNG.run(TestNG.java:1064)
	at org.apache.maven.surefire.testng.TestNGExecutor.run(TestNGExecutor.java:77)
	at org.apache.maven.surefire.testng.TestNGDirectoryTestSuite.executeMulti(TestNGDirectoryTestSuite.java:159)
	at org.apache.maven.surefire.testng.TestNGDirectoryTestSuite.execute(TestNGDirectoryTestSuite.java:99)
	at org.apache.maven.surefire.testng.TestNGProvider.invoke(TestNGProvider.java:106)
	at sun.reflect.NativeMethodAccessorImpl.invoke0(Native Method)
	at sun.reflect.NativeMethodAccessorImpl.invoke(NativeMethodAccessorImpl.java:62)
	at sun.reflect.DelegatingMethodAccessorImpl.invoke(DelegatingMethodAccessorImpl.java:43)
	at java.lang.reflect.Method.invoke(Method.java:498)
	at org.apache.maven.surefire.util.ReflectionUtils.invokeMethodWithArray(ReflectionUtils.java:189)
	at org.apache.maven.surefire.booter.ProviderFactory$ProviderProxy.invoke(ProviderFactory.java:165)
	at org.apache.maven.surefire.booter.ProviderFactory.invokeProvider(ProviderFactory.java:85)
	at org.apache.maven.surefire.booter.ForkedBooter.runSuitesInProcess(ForkedBooter.java:115)
	at org.apache.maven.surefire.booter.ForkedBooter.main(ForkedBooter.java:75)
]]>
            </full-stacktrace>
          </exception> <!-- java.lang.AssertionError -->
          <reporter-output>
          </reporter-output>
        </test-method> <!-- testPushFundsTransactions -->
      </class> <!-- com.visa.vdp.visadirect.TestFundsTransfer -->
      <class name="com.visa.vdp.merchantlocator.TestMerchantLocatorAPI">
        <test-method status="PASS" signature="testMerchantLocatorAPI()[pri:0, instance:com.visa.vdp.merchantlocator.TestMerchantLocatorAPI@7a0ac6e3]" name="testMerchantLocatorAPI" duration-ms="1229" started-at="2018-06-02T23:48:24Z" finished-at="2018-06-02T23:48:26Z">
          <reporter-output>
          </reporter-output>
        </test-method> <!-- testMerchantLocatorAPI -->
      </class> <!-- com.visa.vdp.merchantlocator.TestMerchantLocatorAPI -->
      <class name="com.visa.vdp.vctc.TestProgramAdministration">
        <test-method status="PASS" signature="setUp()[pri:0, instance:com.visa.vdp.vctc.TestProgramAdministration@4411d970]" name="setUp" duration-ms="0" started-at="2018-06-02T23:48:32Z" finished-at="2018-06-02T23:48:32Z">
          <reporter-output>
          </reporter-output>
        </test-method> <!-- setUp -->
        <test-method status="PASS" signature="testRetreiveTransactionTypeControls()[pri:0, instance:com.visa.vdp.vctc.TestProgramAdministration@4411d970]" name="testRetreiveTransactionTypeControls" duration-ms="227" started-at="2018-06-02T23:48:32Z" finished-at="2018-06-02T23:48:32Z">
          <reporter-output>
          </reporter-output>
        </test-method> <!-- testRetreiveTransactionTypeControls -->
      </class> <!-- com.visa.vdp.vctc.TestProgramAdministration -->
      <class name="com.visa.vdp.visadirect.TestMVisa">
        <test-method status="PASS" signature="testMVisaTransactions()[pri:0, instance:com.visa.vdp.visadirect.TestMVisa@506e6d5e]" name="testMVisaTransactions" duration-ms="608" started-at="2018-06-02T23:48:24Z" finished-at="2018-06-02T23:48:24Z">
          <reporter-output>
          </reporter-output>
        </test-method> <!-- testMVisaTransactions -->
      </class> <!-- com.visa.vdp.visadirect.TestMVisa -->
      <class name="com.visa.vdp.visacheckout.TestGetPaymentData">
        <test-method status="FAIL" signature="testGetPaymentInfo()[pri:0, instance:com.visa.vdp.visacheckout.TestGetPaymentData@17f6480]" name="testGetPaymentInfo" duration-ms="2" started-at="2018-06-02T23:48:21Z" finished-at="2018-06-02T23:48:21Z">
          <exception class="java.lang.IllegalArgumentException">
            <message>
              <![CDATA[Illegal character in path at index 62: https://sandbox.api.visa.com/wallet-services-web/payment/data/{put your visa checkout callId here}?apikey=VCBDF5CL8GHLN275YXLX21KZXeaM3OyFf8_YEKJEvIne6ZVBo]]>
            </message>
            <full-stacktrace>
              <![CDATA[java.lang.IllegalArgumentException: Illegal character in path at index 62: https://sandbox.api.visa.com/wallet-services-web/payment/data/{put your visa checkout callId here}?apikey=VCBDF5CL8GHLN275YXLX21KZXeaM3OyFf8_YEKJEvIne6ZVBo
	at java.net.URI.create(URI.java:852)
	at org.apache.http.client.methods.HttpGet.<init>(HttpGet.java:69)
	at com.visa.vdp.utils.VisaAPIClient.createHttpRequest(VisaAPIClient.java:82)
	at com.visa.vdp.utils.VisaAPIClient.doXPayTokenRequest(VisaAPIClient.java:135)
	at com.visa.vdp.visacheckout.TestGetPaymentData.testGetPaymentInfo(TestGetPaymentData.java:34)
	at sun.reflect.NativeMethodAccessorImpl.invoke0(Native Method)
	at sun.reflect.NativeMethodAccessorImpl.invoke(NativeMethodAccessorImpl.java:62)
	at sun.reflect.DelegatingMethodAccessorImpl.invoke(DelegatingMethodAccessorImpl.java:43)
	at java.lang.reflect.Method.invoke(Method.java:498)
	at org.testng.internal.MethodInvocationHelper.invokeMethod(MethodInvocationHelper.java:86)
	at org.testng.internal.Invoker.invokeMethod(Invoker.java:643)
	at org.testng.internal.Invoker.invokeTestMethod(Invoker.java:820)
	at org.testng.internal.Invoker.invokeTestMethods(Invoker.java:1128)
	at org.testng.internal.TestMethodWorker.invokeTestMethods(TestMethodWorker.java:129)
	at org.testng.internal.TestMethodWorker.run(TestMethodWorker.java:112)
	at org.testng.TestRunner.privateRun(TestRunner.java:782)
	at org.testng.TestRunner.run(TestRunner.java:632)
	at org.testng.SuiteRunner.runTest(SuiteRunner.java:366)
	at org.testng.SuiteRunner.runSequentially(SuiteRunner.java:361)
	at org.testng.SuiteRunner.privateRun(SuiteRunner.java:319)
	at org.testng.SuiteRunner.run(SuiteRunner.java:268)
	at org.testng.SuiteRunnerWorker.runSuite(SuiteRunnerWorker.java:52)
	at org.testng.SuiteRunnerWorker.run(SuiteRunnerWorker.java:86)
	at org.testng.TestNG.runSuitesSequentially(TestNG.java:1244)
	at org.testng.TestNG.runSuitesLocally(TestNG.java:1169)
	at org.testng.TestNG.run(TestNG.java:1064)
	at org.apache.maven.surefire.testng.TestNGExecutor.run(TestNGExecutor.java:77)
	at org.apache.maven.surefire.testng.TestNGDirectoryTestSuite.executeMulti(TestNGDirectoryTestSuite.java:159)
	at org.apache.maven.surefire.testng.TestNGDirectoryTestSuite.execute(TestNGDirectoryTestSuite.java:99)
	at org.apache.maven.surefire.testng.TestNGProvider.invoke(TestNGProvider.java:106)
	at sun.reflect.NativeMethodAccessorImpl.invoke0(Native Method)
	at sun.reflect.NativeMethodAccessorImpl.invoke(NativeMethodAccessorImpl.java:62)
	at sun.reflect.DelegatingMethodAccessorImpl.invoke(DelegatingMethodAccessorImpl.java:43)
	at java.lang.reflect.Method.invoke(Method.java:498)
	at org.apache.maven.surefire.util.ReflectionUtils.invokeMethodWithArray(ReflectionUtils.java:189)
	at org.apache.maven.surefire.booter.ProviderFactory$ProviderProxy.invoke(ProviderFactory.java:165)
	at org.apache.maven.surefire.booter.ProviderFactory.invokeProvider(ProviderFactory.java:85)
	at org.apache.maven.surefire.booter.ForkedBooter.runSuitesInProcess(ForkedBooter.java:115)
	at org.apache.maven.surefire.booter.ForkedBooter.main(ForkedBooter.java:75)
Caused by: java.net.URISyntaxException: Illegal character in path at index 62: https://sandbox.api.visa.com/wallet-services-web/payment/data/{put your visa checkout callId here}?apikey=VCBDF5CL8GHLN275YXLX21KZXeaM3OyFf8_YEKJEvIne6ZVBo
	at java.net.URI$Parser.fail(URI.java:2848)
	at java.net.URI$Parser.checkChars(URI.java:3021)
	at java.net.URI$Parser.parseHierarchical(URI.java:3105)
	at java.net.URI$Parser.parse(URI.java:3053)
	at java.net.URI.<init>(URI.java:588)
	at java.net.URI.create(URI.java:850)
	... 38 more
]]>
            </full-stacktrace>
          </exception> <!-- java.lang.IllegalArgumentException -->
          <reporter-output>
          </reporter-output>
        </test-method> <!-- testGetPaymentInfo -->
      </class> <!-- com.visa.vdp.visacheckout.TestGetPaymentData -->
      <class name="com.visa.vdp.visadirect.TestWatchListScreening">
        <test-method status="PASS" signature="testWatchListInquiry()[pri:0, instance:com.visa.vdp.visadirect.TestWatchListScreening@96532d6]" name="testWatchListInquiry" duration-ms="307" started-at="2018-06-02T23:48:33Z" finished-at="2018-06-02T23:48:33Z">
          <reporter-output>
          </reporter-output>
        </test-method> <!-- testWatchListInquiry -->
      </class> <!-- com.visa.vdp.visadirect.TestWatchListScreening -->
      <class name="com.visa.vdp.mlc.TestLocationUpdate">
        <test-method status="FAIL" signature="testlocations()[pri:0, instance:com.visa.vdp.mlc.TestLocationUpdate@67b64c45]" name="testlocations" duration-ms="782" started-at="2018-06-02T23:48:23Z" finished-at="2018-06-02T23:48:24Z">
          <exception class="java.lang.AssertionError">
            <message>
              <![CDATA[expected [200] but found [400]]]>
            </message>
            <full-stacktrace>
              <![CDATA[java.lang.AssertionError: expected [200] but found [400]
	at org.testng.Assert.fail(Assert.java:94)
	at org.testng.Assert.failNotEquals(Assert.java:513)
	at org.testng.Assert.assertEqualsImpl(Assert.java:135)
	at org.testng.Assert.assertEquals(Assert.java:116)
	at org.testng.Assert.assertEquals(Assert.java:389)
	at org.testng.Assert.assertEquals(Assert.java:399)
	at com.visa.vdp.mlc.TestLocationUpdate.testlocations(TestLocationUpdate.java:59)
	at sun.reflect.NativeMethodAccessorImpl.invoke0(Native Method)
	at sun.reflect.NativeMethodAccessorImpl.invoke(NativeMethodAccessorImpl.java:62)
	at sun.reflect.DelegatingMethodAccessorImpl.invoke(DelegatingMethodAccessorImpl.java:43)
	at java.lang.reflect.Method.invoke(Method.java:498)
	at org.testng.internal.MethodInvocationHelper.invokeMethod(MethodInvocationHelper.java:86)
	at org.testng.internal.Invoker.invokeMethod(Invoker.java:643)
	at org.testng.internal.Invoker.invokeTestMethod(Invoker.java:820)
	at org.testng.internal.Invoker.invokeTestMethods(Invoker.java:1128)
	at org.testng.internal.TestMethodWorker.invokeTestMethods(TestMethodWorker.java:129)
	at org.testng.internal.TestMethodWorker.run(TestMethodWorker.java:112)
	at org.testng.TestRunner.privateRun(TestRunner.java:782)
	at org.testng.TestRunner.run(TestRunner.java:632)
	at org.testng.SuiteRunner.runTest(SuiteRunner.java:366)
	at org.testng.SuiteRunner.runSequentially(SuiteRunner.java:361)
	at org.testng.SuiteRunner.privateRun(SuiteRunner.java:319)
	at org.testng.SuiteRunner.run(SuiteRunner.java:268)
	at org.testng.SuiteRunnerWorker.runSuite(SuiteRunnerWorker.java:52)
	at org.testng.SuiteRunnerWorker.run(SuiteRunnerWorker.java:86)
	at org.testng.TestNG.runSuitesSequentially(TestNG.java:1244)
	at org.testng.TestNG.runSuitesLocally(TestNG.java:1169)
	at org.testng.TestNG.run(TestNG.java:1064)
	at org.apache.maven.surefire.testng.TestNGExecutor.run(TestNGExecutor.java:77)
	at org.apache.maven.surefire.testng.TestNGDirectoryTestSuite.executeMulti(TestNGDirectoryTestSuite.java:159)
	at org.apache.maven.surefire.testng.TestNGDirectoryTestSuite.execute(TestNGDirectoryTestSuite.java:99)
	at org.apache.maven.surefire.testng.TestNGProvider.invoke(TestNGProvider.java:106)
	at sun.reflect.NativeMethodAccessorImpl.invoke0(Native Method)
	at sun.reflect.NativeMethodAccessorImpl.invoke(NativeMethodAccessorImpl.java:62)
	at sun.reflect.DelegatingMethodAccessorImpl.invoke(DelegatingMethodAccessorImpl.java:43)
	at java.lang.reflect.Method.invoke(Method.java:498)
	at org.apache.maven.surefire.util.ReflectionUtils.invokeMethodWithArray(ReflectionUtils.java:189)
	at org.apache.maven.surefire.booter.ProviderFactory$ProviderProxy.invoke(ProviderFactory.java:165)
	at org.apache.maven.surefire.booter.ProviderFactory.invokeProvider(ProviderFactory.java:85)
	at org.apache.maven.surefire.booter.ForkedBooter.runSuitesInProcess(ForkedBooter.java:115)
	at org.apache.maven.surefire.booter.ForkedBooter.main(ForkedBooter.java:75)
]]>
            </full-stacktrace>
          </exception> <!-- java.lang.AssertionError -->
          <reporter-output>
          </reporter-output>
        </test-method> <!-- testlocations -->
      </class> <!-- com.visa.vdp.mlc.TestLocationUpdate -->
    </test> <!-- Command line test -->
  </suite> <!-- Command line suite -->
</testng-results>
